e:\_aie\project2\aiebootstrap\temp\bootstrap\dll\bootstrap.pdb
e:\_aie\project2\aiebootstrap\temp\bootstrap\dll\bootstrap.idb
e:\_aie\project2\aiebootstrap\temp\bootstrap\dll\imgui.obj
e:\_aie\project2\aiebootstrap\temp\bootstrap\dll\imgui_draw.obj
e:\_aie\project2\aiebootstrap\temp\bootstrap\dll\application.obj
e:\_aie\project2\aiebootstrap\temp\bootstrap\dll\audio.obj
e:\_aie\project2\aiebootstrap\temp\bootstrap\dll\font.obj
e:\_aie\project2\aiebootstrap\temp\bootstrap\dll\gizmos.obj
e:\_aie\project2\aiebootstrap\temp\bootstrap\dll\imgui_glfw3.obj
e:\_aie\project2\aiebootstrap\temp\bootstrap\dll\input.obj
e:\_aie\project2\aiebootstrap\temp\bootstrap\dll\renderer2d.obj
e:\_aie\project2\aiebootstrap\temp\bootstrap\dll\soundmanager.obj
e:\_aie\project2\aiebootstrap\temp\bootstrap\dll\texture.obj
e:\_aie\project2\aiebootstrap\temp\bootstrap\dll\gl_core_4_4.obj
e:\_aie\project2\aiebootstrap\temp\bootstrap\dll\bootstrap.lib
e:\_aie\project2\aiebootstrap\temp\bootstrap\dll\bootstrap.tlog\cl.command.1.tlog
e:\_aie\project2\aiebootstrap\temp\bootstrap\dll\bootstrap.tlog\cl.read.1.tlog
e:\_aie\project2\aiebootstrap\temp\bootstrap\dll\bootstrap.tlog\cl.write.1.tlog
e:\_aie\project2\aiebootstrap\temp\bootstrap\dll\bootstrap.tlog\lib-link.read.1.tlog
e:\_aie\project2\aiebootstrap\temp\bootstrap\dll\bootstrap.tlog\lib-link.write.1.tlog
e:\_aie\project2\aiebootstrap\temp\bootstrap\dll\bootstrap.tlog\lib.command.1.tlog
