e:\_aie\project2\aiebootstrap\temp\project2d\dll\vc140.pdb
e:\_aie\project2\aiebootstrap\temp\project2d\dll\vc140.idb
e:\_aie\project2\aiebootstrap\temp\project2d\dll\collisionmanager.obj
e:\_aie\project2\aiebootstrap\temp\project2d\dll\entity.obj
e:\_aie\project2\aiebootstrap\temp\project2d\dll\gamestate.obj
e:\_aie\project2\aiebootstrap\temp\project2d\dll\loadingletters.obj
e:\_aie\project2\aiebootstrap\temp\project2d\dll\loadingstate.obj
e:\_aie\project2\aiebootstrap\temp\project2d\dll\menustate.obj
e:\_aie\project2\aiebootstrap\temp\project2d\dll\snowflake.obj
e:\_aie\project2\aiebootstrap\temp\project2d\dll\splashletters.obj
e:\_aie\project2\aiebootstrap\temp\project2d\dll\splashstate.obj
e:\_aie\project2\aiebootstrap\temp\project2d\dll\statemachine.obj
e:\_aie\project2\aiebootstrap\temp\project2d\dll\application2d.obj
e:\_aie\project2\aiebootstrap\temp\project2d\dll\pausestate.obj
e:\_aie\project2\aiebootstrap\temp\project2d\dll\main.obj
e:\_aie\project2\aiebootstrap\temp\project2d\dll\project2d.ilk
e:\_aie\project2\aiebootstrap\temp\project2d\dll\project2d.exe
e:\_aie\project2\aiebootstrap\temp\project2d\dll\project2d.pdb
e:\_aie\project2\aiebootstrap\temp\project2d\dll\project2d.res
e:\_aie\project2\aiebootstrap\temp\project2d\dll\basestate.obj
e:\_aie\project2\aiebootstrap\temp\project2d\dll\loadingletters.obj.enc
e:\_aie\project2\aiebootstrap\temp\project2d\dll\splashstate.obj.enc
e:\_aie\project2\aiebootstrap\temp\project2d\dll\lnk{07d959ed-dc7b-456f-9d20-49b245fa4a97}.tmp
e:\_aie\project2\aiebootstrap\temp\project2d\dll\vc141.idb
e:\_aie\project2\aiebootstrap\temp\project2d\dll\vc141.pdb
e:\_aie\project2\aiebootstrap\temp\project2d\dll\project2d.tlog\cl.command.1.tlog
e:\_aie\project2\aiebootstrap\temp\project2d\dll\project2d.tlog\cl.read.1.tlog
e:\_aie\project2\aiebootstrap\temp\project2d\dll\project2d.tlog\cl.write.1.tlog
e:\_aie\project2\aiebootstrap\temp\project2d\dll\project2d.tlog\link.command.1.tlog
e:\_aie\project2\aiebootstrap\temp\project2d\dll\project2d.tlog\link.delete.1.tlog
e:\_aie\project2\aiebootstrap\temp\project2d\dll\project2d.tlog\link.read.1.tlog
e:\_aie\project2\aiebootstrap\temp\project2d\dll\project2d.tlog\link.write.1.tlog
e:\_aie\project2\aiebootstrap\temp\project2d\dll\project2d.tlog\rc.command.1.tlog
e:\_aie\project2\aiebootstrap\temp\project2d\dll\project2d.tlog\rc.read.1.tlog
e:\_aie\project2\aiebootstrap\temp\project2d\dll\project2d.tlog\rc.write.1.tlog
